#
# There is insufficient memory for the Java Runtime Environment to continue.
# Native memory allocation (malloc) failed to allocate 1639280 bytes for Chunk::new
# Possible reasons:
#   The system is out of physical RAM or swap space
#   The process is running with CompressedOops enabled, and the Java Heap may be blocking the growth of the native heap
# Possible solutions:
#   Reduce memory load on the system
#   Increase physical memory or swap space
#   Check if swap backing store is full
#   Decrease Java heap size (-Xmx/-Xms)
#   Decrease number of Java threads
#   Decrease Java thread stack sizes (-Xss)
#   Set larger code cache with -XX:ReservedCodeCacheSize=
#   JVM is running with Unscaled Compressed Oops mode in which the Java heap is
#     placed in the first 4GB address space. The Java Heap base address is the
#     maximum limit for the native heap growth. Please use -XX:HeapBaseMinAddress
#     to set the Java Heap base and to place the Java Heap above 4GB virtual address.
# This output file may be truncated or incomplete.
#
#  Out of Memory Error (arena.cpp:191), pid=14824, tid=788
#
# JRE version: OpenJDK Runtime Environment Temurin-17.0.10+7 (17.0.10+7) (build 17.0.10+7)
# Java VM: OpenJDK 64-Bit Server VM Temurin-17.0.10+7 (17.0.10+7, mixed mode, tiered, compressed oops, compressed class ptrs, parallel gc, windows-amd64)
# No core dump will be written. Minidumps are not enabled by default on client versions of Windows
#

---------------  S U M M A R Y ------------

Command Line: --add-modules=ALL-SYSTEM --add-opens=java.base/java.util=ALL-UNNAMED --add-opens=java.base/java.lang=ALL-UNNAMED --add-opens=java.base/sun.nio.fs=ALL-UNNAMED -Declipse.application=org.eclipse.jdt.ls.core.id1 -Dosgi.bundles.defaultStartLevel=4 -Declipse.product=org.eclipse.jdt.ls.core.product -Djava.import.generatesMetadataFilesAtProjectRoot=false -DDetectVMInstallationsJob.disabled=true -Dfile.encoding=utf8 -XX:+UseParallelGC -XX:GCTimeRatio=4 -XX:AdaptiveSizePolicyWeight=90 -Dsun.zip.disableMemoryMapping=true -Xmx1G -Xms100m -Xlog:disable -javaagent:c:\Users\ASUS\.vscode\extensions\redhat.java-1.29.0-win32-x64\lombok\lombok-1.18.32.jar -XX:+HeapDumpOnOutOfMemoryError -XX:HeapDumpPath=c:\Users\ASUS\AppData\Roaming\Code\User\workspaceStorage\41d4e623e7f576b4e193c233d3b06fe6\redhat.java -Daether.dependencyCollector.impl=bf c:\Users\ASUS\.vscode\extensions\redhat.java-1.29.0-win32-x64\server\plugins\org.eclipse.equinox.launcher_1.6.800.v20240304-1850.jar -configuration c:\Users\ASUS\AppData\Roaming\Code\User\globalStorage\redhat.java\1.29.0\config_win -data c:\Users\ASUS\AppData\Roaming\Code\User\workspaceStorage\41d4e623e7f576b4e193c233d3b06fe6\redhat.java\jdt_ws --stdio

Host: Intel(R) Core(TM) i5-1035G1 CPU @ 1.00GHz, 8 cores, 3G,  Windows 11 , 64 bit Build 22621 (10.0.22621.3235)
Time: Tue Apr  9 14:49:15 2024 SE Asia Standard Time elapsed time: 20.393184 seconds (0d 0h 0m 20s)

---------------  T H R E A D  ---------------

Current thread (0x000001cb9407dca0):  JavaThread "C2 CompilerThread0" daemon [_thread_in_native, id=788, stack(0x000000661d400000,0x000000661d500000)]


Current CompileTask:
C2:  20393 3688   !   4       org.eclipse.osgi.internal.loader.classpath.ClasspathManager::findClassImpl (308 bytes)

Stack: [0x000000661d400000,0x000000661d500000]
Native frames: (J=compiled Java code, j=interpreted, Vv=VM code, C=native code)
V  [jvm.dll+0x67d2c9]
V  [jvm.dll+0x834afa]
V  [jvm.dll+0x8365be]
V  [jvm.dll+0x836c23]
V  [jvm.dll+0x2477ff]
V  [jvm.dll+0xac514]
V  [jvm.dll+0xacb5c]
V  [jvm.dll+0x3667d7]
V  [jvm.dll+0x1bcf72]
V  [jvm.dll+0x21a049]
V  [jvm.dll+0x219311]
V  [jvm.dll+0x1a502d]
V  [jvm.dll+0x2290de]
V  [jvm.dll+0x2272ac]
V  [jvm.dll+0x7e9bb7]
V  [jvm.dll+0x7e3fba]
V  [jvm.dll+0x67c1b5]
C  [ucrtbase.dll+0x29363]
C  [KERNEL32.DLL+0x1257d]
C  [ntdll.dll+0x5aa58]


---------------  P R O C E S S  ---------------

Threads class SMR info:
_java_thread_list=0x000001cb9674f6e0, length=24, elements={
0x000001cbf47611d0, 0x000001cbfb533030, 0x000001cbfb5362c0, 0x000001cb9407af30,
0x000001cb9407b900, 0x000001cb9407c3d0, 0x000001cb9407cea0, 0x000001cb9407dca0,
0x000001cb940df0c0, 0x000001cbfb537fd0, 0x000001cb941914b0, 0x000001cb94361560,
0x000001cb959e4090, 0x000001cb9586b8f0, 0x000001cb958df170, 0x000001cb955596f0,
0x000001cb95f28120, 0x000001cb961345b0, 0x000001cb95408810, 0x000001cb95405570,
0x000001cb95407df0, 0x000001cb95405060, 0x000001cb95408300, 0x000001cb95405a80
}

Java Threads: ( => current thread )
  0x000001cbf47611d0 JavaThread "main" [_thread_blocked, id=15892, stack(0x000000661cb00000,0x000000661cc00000)]
  0x000001cbfb533030 JavaThread "Reference Handler" daemon [_thread_blocked, id=14828, stack(0x000000661ce00000,0x000000661cf00000)]
  0x000001cbfb5362c0 JavaThread "Finalizer" daemon [_thread_blocked, id=14560, stack(0x000000661cf00000,0x000000661d000000)]
  0x000001cb9407af30 JavaThread "Signal Dispatcher" daemon [_thread_blocked, id=14852, stack(0x000000661d000000,0x000000661d100000)]
  0x000001cb9407b900 JavaThread "Attach Listener" daemon [_thread_blocked, id=17320, stack(0x000000661d100000,0x000000661d200000)]
  0x000001cb9407c3d0 JavaThread "Service Thread" daemon [_thread_blocked, id=20964, stack(0x000000661d200000,0x000000661d300000)]
  0x000001cb9407cea0 JavaThread "Monitor Deflation Thread" daemon [_thread_blocked, id=11460, stack(0x000000661d300000,0x000000661d400000)]
=>0x000001cb9407dca0 JavaThread "C2 CompilerThread0" daemon [_thread_in_native, id=788, stack(0x000000661d400000,0x000000661d500000)]
  0x000001cb940df0c0 JavaThread "C1 CompilerThread0" daemon [_thread_blocked, id=15188, stack(0x000000661d500000,0x000000661d600000)]
  0x000001cbfb537fd0 JavaThread "Sweeper thread" daemon [_thread_blocked, id=1856, stack(0x000000661d600000,0x000000661d700000)]
  0x000001cb941914b0 JavaThread "Common-Cleaner" daemon [_thread_blocked, id=12664, stack(0x000000661d700000,0x000000661d800000)]
  0x000001cb94361560 JavaThread "Notification Thread" daemon [_thread_blocked, id=12092, stack(0x000000661d800000,0x000000661d900000)]
  0x000001cb959e4090 JavaThread "Active Thread: Equinox Container: e65b5991-c502-47e1-891f-6dbef22216a6" [_thread_blocked, id=22208, stack(0x000000661e000000,0x000000661e100000)]
  0x000001cb9586b8f0 JavaThread "Framework Event Dispatcher: Equinox Container: e65b5991-c502-47e1-891f-6dbef22216a6" daemon [_thread_blocked, id=20320, stack(0x000000661e100000,0x000000661e200000)]
  0x000001cb958df170 JavaThread "Start Level: Equinox Container: e65b5991-c502-47e1-891f-6dbef22216a6" daemon [_thread_in_native, id=13728, stack(0x000000661e200000,0x000000661e300000)]
  0x000001cb955596f0 JavaThread "Bundle File Closer" daemon [_thread_blocked, id=21344, stack(0x000000661e400000,0x000000661e500000)]
  0x000001cb95f28120 JavaThread "SCR Component Actor" daemon [_thread_blocked, id=17412, stack(0x000000661e500000,0x000000661e600000)]
  0x000001cb961345b0 JavaThread "SCR Component Registry" daemon [_thread_blocked, id=12876, stack(0x000000661e600000,0x000000661e700000)]
  0x000001cb95408810 JavaThread "Worker-JM" [_thread_blocked, id=14608, stack(0x000000661e700000,0x000000661e800000)]
  0x000001cb95405570 JavaThread "Worker-0: Repository registry initialization" [_thread_in_native, id=22156, stack(0x000000661e800000,0x000000661e900000)]
  0x000001cb95407df0 JavaThread "Worker-1: Updating Maven Dependencies" [_thread_blocked, id=8676, stack(0x000000661e900000,0x000000661ea00000)]
  0x000001cb95405060 JavaThread "Worker-2" [_thread_blocked, id=12396, stack(0x000000661ea00000,0x000000661eb00000)]
  0x000001cb95408300 JavaThread "Worker-3" [_thread_blocked, id=21960, stack(0x000000661eb00000,0x000000661ec00000)]
  0x000001cb95405a80 JavaThread "Java indexing" daemon [_thread_blocked, id=15828, stack(0x000000661ec00000,0x000000661ed00000)]

Other Threads:
  0x000001cb940514b0 VMThread "VM Thread" [stack: 0x000000661cd00000,0x000000661ce00000] [id=5056]
  0x000001cb94360b00 WatcherThread [stack: 0x000000661d900000,0x000000661da00000] [id=4244]
  0x000001cbf476f3b0 GCTaskThread "GC Thread#0" [stack: 0x000000661cc00000,0x000000661cd00000] [id=160]
  0x000001cb9587c570 GCTaskThread "GC Thread#1" [stack: 0x000000661da00000,0x000000661db00000] [id=20112]
  0x000001cb9587c830 GCTaskThread "GC Thread#2" [stack: 0x000000661db00000,0x000000661dc00000] [id=7508]
  0x000001cb9587caf0 GCTaskThread "GC Thread#3" [stack: 0x000000661dc00000,0x000000661dd00000] [id=17524]
  0x000001cb95873a60 GCTaskThread "GC Thread#4" [stack: 0x000000661dd00000,0x000000661de00000] [id=22232]
  0x000001cb95873d20 GCTaskThread "GC Thread#5" [stack: 0x000000661de00000,0x000000661df00000] [id=11004]
  0x000001cb95765440 GCTaskThread "GC Thread#6" [stack: 0x000000661df00000,0x000000661e000000] [id=16968]
  0x000001cb94249040 GCTaskThread "GC Thread#7" [stack: 0x000000661e300000,0x000000661e400000] [id=7056]

Threads with active compile tasks:
C2 CompilerThread0    20454 3688   !   4       org.eclipse.osgi.internal.loader.classpath.ClasspathManager::findClassImpl (308 bytes)

VM state: not at safepoint (normal execution)

VM Mutex/Monitor currently owned by a thread: None

Heap address: 0x00000000c0000000, size: 1024 MB, Compressed Oops mode: 32-bit

CDS archive(s) not mapped
Compressed class space mapped at: 0x0000000100000000-0x0000000140000000, reserved size: 1073741824
Narrow klass base: 0x0000000000000000, Narrow klass shift: 3, Narrow klass range: 0x140000000

GC Precious Log:
 CPUs: 8 total, 8 available
 Memory: 3834M
 Large Page Support: Disabled
 NUMA Support: Disabled
 Compressed Oops: Enabled (32-bit)
 Alignments: Space 512K, Generation 512K, Heap 2M
 Heap Min Capacity: 100M
 Heap Initial Capacity: 100M
 Heap Max Capacity: 1G
 Pre-touch: Disabled
 Parallel Workers: 8

Heap:
 PSYoungGen      total 23552K, used 7808K [0x00000000eab00000, 0x00000000ec700000, 0x0000000100000000)
  eden space 23040K, 33% used [0x00000000eab00000,0x00000000eb2a02f8,0x00000000ec180000)
  from space 512K, 0% used [0x00000000ec380000,0x00000000ec380000,0x00000000ec400000)
  to   space 1536K, 0% used [0x00000000ec580000,0x00000000ec580000,0x00000000ec700000)
 ParOldGen       total 68608K, used 18420K [0x00000000c0000000, 0x00000000c4300000, 0x00000000eab00000)
  object space 68608K, 26% used [0x00000000c0000000,0x00000000c11fd3f8,0x00000000c4300000)
 Metaspace       used 36155K, committed 36864K, reserved 1114112K
  class space    used 3658K, committed 3904K, reserved 1048576K

Card table byte_map: [0x000001cbf8db0000,0x000001cbf8fc0000] _byte_map_base: 0x000001cbf87b0000

Marking Bits: (ParMarkBitMap*) 0x00007fffadbed7d0
 Begin Bits: [0x000001cbf9120000, 0x000001cbfa120000)
 End Bits:   [0x000001cbfa120000, 0x000001cbfb120000)

Polling page: 0x000001cbf8ba0000

Metaspace:

Usage:
  Non-class:     31.74 MB used.
      Class:      3.57 MB used.
       Both:     35.31 MB used.

Virtual space:
  Non-class space:       64.00 MB reserved,      32.19 MB ( 50%) committed,  1 nodes.
      Class space:        1.00 GB reserved,       3.81 MB ( <1%) committed,  1 nodes.
             Both:        1.06 GB reserved,      36.00 MB (  3%) committed. 

Chunk freelists:
   Non-Class:  14.39 MB
       Class:  12.06 MB
        Both:  26.46 MB

MaxMetaspaceSize: unlimited
CompressedClassSpaceSize: 1.00 GB
Initial GC threshold: 21.00 MB
Current GC threshold: 58.38 MB
CDS: off
MetaspaceReclaimPolicy: balanced
 - commit_granule_bytes: 65536.
 - commit_granule_words: 8192.
 - virtual_space_node_default_size: 8388608.
 - enlarge_chunks_in_place: 1.
 - new_chunks_are_fully_committed: 0.
 - uncommit_free_chunks: 1.
 - use_allocation_guard: 0.
 - handle_deallocations: 1.


Internal statistics:

num_allocs_failed_limit: 6.
num_arena_births: 468.
num_arena_deaths: 22.
num_vsnodes_births: 2.
num_vsnodes_deaths: 0.
num_space_committed: 576.
num_space_uncommitted: 0.
num_chunks_returned_to_freelist: 30.
num_chunks_taken_from_freelist: 1642.
num_chunk_merges: 11.
num_chunk_splits: 1041.
num_chunks_enlarged: 667.
num_inconsistent_stats: 0.

CodeHeap 'non-profiled nmethods': size=120000Kb used=1658Kb max_used=1658Kb free=118341Kb
 bounds [0x000001cb87ad0000, 0x000001cb87d40000, 0x000001cb8f000000]
CodeHeap 'profiled nmethods': size=120000Kb used=7954Kb max_used=7954Kb free=112046Kb
 bounds [0x000001cb80000000, 0x000001cb807d0000, 0x000001cb87530000]
CodeHeap 'non-nmethods': size=5760Kb used=1264Kb max_used=1300Kb free=4495Kb
 bounds [0x000001cb87530000, 0x000001cb877a0000, 0x000001cb87ad0000]
 total_blobs=4353 nmethods=3782 adapters=485
 compilation: enabled
              stopped_count=0, restarted_count=0
 full_count=0

Compilation events (20 events):
Event: 20.069 Thread 0x000001cb940df0c0 3778   !   3       sun.reflect.annotation.AnnotationParser::parseAnnotations (37 bytes)
Event: 20.070 Thread 0x000001cb940df0c0 nmethod 3778 0x000001cb807bf890 code [0x000001cb807bfa80, 0x000001cb807bfda8]
Event: 20.070 Thread 0x000001cb940df0c0 3780       3       sun.security.provider.SHA::implCompress (13 bytes)
Event: 20.071 Thread 0x000001cb940df0c0 nmethod 3780 0x000001cb807bff10 code [0x000001cb807c0100, 0x000001cb807c0548]
Event: 20.109 Thread 0x000001cb940df0c0 3781       3       sun.reflect.generics.parser.SignatureParser::skipIdentifier (67 bytes)
Event: 20.110 Thread 0x000001cb940df0c0 nmethod 3781 0x000001cb807c0710 code [0x000001cb807c0920, 0x000001cb807c0ea8]
Event: 20.115 Thread 0x000001cb940df0c0 3782       3       jdk.internal.org.objectweb.asm.FieldWriter::<init> (69 bytes)
Event: 20.116 Thread 0x000001cb940df0c0 nmethod 3782 0x000001cb807c1090 code [0x000001cb807c1280, 0x000001cb807c1608]
Event: 20.126 Thread 0x000001cb940df0c0 3783       3       java.util.StringJoiner::add (110 bytes)
Event: 20.130 Thread 0x000001cb940df0c0 nmethod 3783 0x000001cb807c1810 code [0x000001cb807c1a40, 0x000001cb807c23f8]
Event: 20.171 Thread 0x000001cb940df0c0 3784       3       java.lang.reflect.ProxyGenerator::dotToSlash (9 bytes)
Event: 20.171 Thread 0x000001cb940df0c0 nmethod 3784 0x000001cb807c2790 code [0x000001cb807c2920, 0x000001cb807c2a48]
Event: 20.210 Thread 0x000001cb940df0c0 3785       3       jdk.internal.org.objectweb.asm.FieldWriter::computeFieldInfoSize (86 bytes)
Event: 20.211 Thread 0x000001cb940df0c0 nmethod 3785 0x000001cb807c2b10 code [0x000001cb807c2ce0, 0x000001cb807c2fb8]
Event: 20.211 Thread 0x000001cb940df0c0 3786       3       jdk.internal.org.objectweb.asm.FieldWriter::putFieldInfo (269 bytes)
Event: 20.212 Thread 0x000001cb940df0c0 nmethod 3786 0x000001cb807c3110 code [0x000001cb807c3380, 0x000001cb807c3cc8]
Event: 20.258 Thread 0x000001cb940df0c0 3788       3       java.nio.ByteBuffer::limit (6 bytes)
Event: 20.258 Thread 0x000001cb940df0c0 nmethod 3788 0x000001cb807c4090 code [0x000001cb807c4240, 0x000001cb807c4408]
Event: 20.287 Thread 0x000001cb940df0c0 3789       1       java.lang.StackTraceElement::getClassName (5 bytes)
Event: 20.287 Thread 0x000001cb940df0c0 nmethod 3789 0x000001cb87c6e590 code [0x000001cb87c6e720, 0x000001cb87c6e7f8]

GC Heap History (20 events):
Event: 14.101 GC heap before
{Heap before GC invocations=4 (full 0):
 PSYoungGen      total 29696K, used 29687K [0x00000000eab00000, 0x00000000ecc00000, 0x0000000100000000)
  eden space 25600K, 100% used [0x00000000eab00000,0x00000000ec400000,0x00000000ec400000)
  from space 4096K, 99% used [0x00000000ec400000,0x00000000ec7fdc08,0x00000000ec800000)
  to   space 4096K, 0% used [0x00000000ec800000,0x00000000ec800000,0x00000000ecc00000)
 ParOldGen       total 68608K, used 5157K [0x00000000c0000000, 0x00000000c4300000, 0x00000000eab00000)
  object space 68608K, 7% used [0x00000000c0000000,0x00000000c05096a8,0x00000000c4300000)
 Metaspace       used 20575K, committed 20928K, reserved 1114112K
  class space    used 2074K, committed 2240K, reserved 1048576K
}
Event: 14.106 GC heap after
{Heap after GC invocations=4 (full 0):
 PSYoungGen      total 29696K, used 4095K [0x00000000eab00000, 0x00000000ecc00000, 0x0000000100000000)
  eden space 25600K, 0% used [0x00000000eab00000,0x00000000eab00000,0x00000000ec400000)
  from space 4096K, 99% used [0x00000000ec800000,0x00000000ecbfff50,0x00000000ecc00000)
  to   space 4096K, 0% used [0x00000000ec400000,0x00000000ec400000,0x00000000ec800000)
 ParOldGen       total 68608K, used 6407K [0x00000000c0000000, 0x00000000c4300000, 0x00000000eab00000)
  object space 68608K, 9% used [0x00000000c0000000,0x00000000c0641e60,0x00000000c4300000)
 Metaspace       used 20575K, committed 20928K, reserved 1114112K
  class space    used 2074K, committed 2240K, reserved 1048576K
}
Event: 14.347 GC heap before
{Heap before GC invocations=5 (full 0):
 PSYoungGen      total 29696K, used 7691K [0x00000000eab00000, 0x00000000ecc00000, 0x0000000100000000)
  eden space 25600K, 14% used [0x00000000eab00000,0x00000000eae82e28,0x00000000ec400000)
  from space 4096K, 99% used [0x00000000ec800000,0x00000000ecbfff50,0x00000000ecc00000)
  to   space 4096K, 0% used [0x00000000ec400000,0x00000000ec400000,0x00000000ec800000)
 ParOldGen       total 68608K, used 6407K [0x00000000c0000000, 0x00000000c4300000, 0x00000000eab00000)
  object space 68608K, 9% used [0x00000000c0000000,0x00000000c0641e60,0x00000000c4300000)
 Metaspace       used 21004K, committed 21504K, reserved 1114112K
  class space    used 2123K, committed 2368K, reserved 1048576K
}
Event: 14.351 GC heap after
{Heap after GC invocations=5 (full 0):
 PSYoungGen      total 29696K, used 4080K [0x00000000eab00000, 0x00000000ece00000, 0x0000000100000000)
  eden space 25600K, 0% used [0x00000000eab00000,0x00000000eab00000,0x00000000ec400000)
  from space 4096K, 99% used [0x00000000ec400000,0x00000000ec7fc050,0x00000000ec800000)
  to   space 5120K, 0% used [0x00000000ec900000,0x00000000ec900000,0x00000000ece00000)
 ParOldGen       total 68608K, used 6885K [0x00000000c0000000, 0x00000000c4300000, 0x00000000eab00000)
  object space 68608K, 10% used [0x00000000c0000000,0x00000000c06b9460,0x00000000c4300000)
 Metaspace       used 21004K, committed 21504K, reserved 1114112K
  class space    used 2123K, committed 2368K, reserved 1048576K
}
Event: 14.351 GC heap before
{Heap before GC invocations=6 (full 1):
 PSYoungGen      total 29696K, used 4080K [0x00000000eab00000, 0x00000000ece00000, 0x0000000100000000)
  eden space 25600K, 0% used [0x00000000eab00000,0x00000000eab00000,0x00000000ec400000)
  from space 4096K, 99% used [0x00000000ec400000,0x00000000ec7fc050,0x00000000ec800000)
  to   space 5120K, 0% used [0x00000000ec900000,0x00000000ec900000,0x00000000ece00000)
 ParOldGen       total 68608K, used 6885K [0x00000000c0000000, 0x00000000c4300000, 0x00000000eab00000)
  object space 68608K, 10% used [0x00000000c0000000,0x00000000c06b9460,0x00000000c4300000)
 Metaspace       used 21004K, committed 21504K, reserved 1114112K
  class space    used 2123K, committed 2368K, reserved 1048576K
}
Event: 14.395 GC heap after
{Heap after GC invocations=6 (full 1):
 PSYoungGen      total 29696K, used 0K [0x00000000eab00000, 0x00000000ece00000, 0x0000000100000000)
  eden space 25600K, 0% used [0x00000000eab00000,0x00000000eab00000,0x00000000ec400000)
  from space 4096K, 0% used [0x00000000ec400000,0x00000000ec400000,0x00000000ec800000)
  to   space 5120K, 0% used [0x00000000ec900000,0x00000000ec900000,0x00000000ece00000)
 ParOldGen       total 68608K, used 10666K [0x00000000c0000000, 0x00000000c4300000, 0x00000000eab00000)
  object space 68608K, 15% used [0x00000000c0000000,0x00000000c0a6aa18,0x00000000c4300000)
 Metaspace       used 20991K, committed 21504K, reserved 1114112K
  class space    used 2119K, committed 2368K, reserved 1048576K
}
Event: 15.789 GC heap before
{Heap before GC invocations=7 (full 1):
 PSYoungGen      total 29696K, used 25600K [0x00000000eab00000, 0x00000000ece00000, 0x0000000100000000)
  eden space 25600K, 100% used [0x00000000eab00000,0x00000000ec400000,0x00000000ec400000)
  from space 4096K, 0% used [0x00000000ec400000,0x00000000ec400000,0x00000000ec800000)
  to   space 5120K, 0% used [0x00000000ec900000,0x00000000ec900000,0x00000000ece00000)
 ParOldGen       total 68608K, used 10666K [0x00000000c0000000, 0x00000000c4300000, 0x00000000eab00000)
  object space 68608K, 15% used [0x00000000c0000000,0x00000000c0a6aa18,0x00000000c4300000)
 Metaspace       used 23769K, committed 24320K, reserved 1114112K
  class space    used 2414K, committed 2624K, reserved 1048576K
}
Event: 15.796 GC heap after
{Heap after GC invocations=7 (full 1):
 PSYoungGen      total 30208K, used 4640K [0x00000000eab00000, 0x00000000ece00000, 0x0000000100000000)
  eden space 25088K, 0% used [0x00000000eab00000,0x00000000eab00000,0x00000000ec380000)
  from space 5120K, 90% used [0x00000000ec900000,0x00000000ecd88000,0x00000000ece00000)
  to   space 5120K, 0% used [0x00000000ec400000,0x00000000ec400000,0x00000000ec900000)
 ParOldGen       total 68608K, used 10674K [0x00000000c0000000, 0x00000000c4300000, 0x00000000eab00000)
  object space 68608K, 15% used [0x00000000c0000000,0x00000000c0a6ca18,0x00000000c4300000)
 Metaspace       used 23769K, committed 24320K, reserved 1114112K
  class space    used 2414K, committed 2624K, reserved 1048576K
}
Event: 17.382 GC heap before
{Heap before GC invocations=8 (full 1):
 PSYoungGen      total 30208K, used 29728K [0x00000000eab00000, 0x00000000ece00000, 0x0000000100000000)
  eden space 25088K, 100% used [0x00000000eab00000,0x00000000ec380000,0x00000000ec380000)
  from space 5120K, 90% used [0x00000000ec900000,0x00000000ecd88000,0x00000000ece00000)
  to   space 5120K, 0% used [0x00000000ec400000,0x00000000ec400000,0x00000000ec900000)
 ParOldGen       total 68608K, used 10674K [0x00000000c0000000, 0x00000000c4300000, 0x00000000eab00000)
  object space 68608K, 15% used [0x00000000c0000000,0x00000000c0a6ca18,0x00000000c4300000)
 Metaspace       used 26500K, committed 27136K, reserved 1114112K
  class space    used 2728K, committed 2944K, reserved 1048576K
}
Event: 17.387 GC heap after
{Heap after GC invocations=8 (full 1):
 PSYoungGen      total 29696K, used 5113K [0x00000000eab00000, 0x00000000ed000000, 0x0000000100000000)
  eden space 24576K, 0% used [0x00000000eab00000,0x00000000eab00000,0x00000000ec300000)
  from space 5120K, 99% used [0x00000000ec400000,0x00000000ec8fe618,0x00000000ec900000)
  to   space 6656K, 0% used [0x00000000ec980000,0x00000000ec980000,0x00000000ed000000)
 ParOldGen       total 68608K, used 11915K [0x00000000c0000000, 0x00000000c4300000, 0x00000000eab00000)
  object space 68608K, 17% used [0x00000000c0000000,0x00000000c0ba2e50,0x00000000c4300000)
 Metaspace       used 26500K, committed 27136K, reserved 1114112K
  class space    used 2728K, committed 2944K, reserved 1048576K
}
Event: 18.084 GC heap before
{Heap before GC invocations=9 (full 1):
 PSYoungGen      total 29696K, used 29620K [0x00000000eab00000, 0x00000000ed000000, 0x0000000100000000)
  eden space 24576K, 99% used [0x00000000eab00000,0x00000000ec2eeac0,0x00000000ec300000)
  from space 5120K, 99% used [0x00000000ec400000,0x00000000ec8fe618,0x00000000ec900000)
  to   space 6656K, 0% used [0x00000000ec980000,0x00000000ec980000,0x00000000ed000000)
 ParOldGen       total 68608K, used 11915K [0x00000000c0000000, 0x00000000c4300000, 0x00000000eab00000)
  object space 68608K, 17% used [0x00000000c0000000,0x00000000c0ba2e50,0x00000000c4300000)
 Metaspace       used 28983K, committed 29632K, reserved 1114112K
  class space    used 2896K, committed 3136K, reserved 1048576K
}
Event: 18.087 GC heap after
{Heap after GC invocations=9 (full 1):
 PSYoungGen      total 30208K, used 5741K [0x00000000eab00000, 0x00000000ecf80000, 0x0000000100000000)
  eden space 24064K, 0% used [0x00000000eab00000,0x00000000eab00000,0x00000000ec280000)
  from space 6144K, 93% used [0x00000000ec980000,0x00000000ecf1b440,0x00000000ecf80000)
  to   space 6144K, 0% used [0x00000000ec380000,0x00000000ec380000,0x00000000ec980000)
 ParOldGen       total 68608K, used 11923K [0x00000000c0000000, 0x00000000c4300000, 0x00000000eab00000)
  object space 68608K, 17% used [0x00000000c0000000,0x00000000c0ba4e50,0x00000000c4300000)
 Metaspace       used 28983K, committed 29632K, reserved 1114112K
  class space    used 2896K, committed 3136K, reserved 1048576K
}
Event: 18.669 GC heap before
{Heap before GC invocations=10 (full 1):
 PSYoungGen      total 30208K, used 29805K [0x00000000eab00000, 0x00000000ecf80000, 0x0000000100000000)
  eden space 24064K, 100% used [0x00000000eab00000,0x00000000ec280000,0x00000000ec280000)
  from space 6144K, 93% used [0x00000000ec980000,0x00000000ecf1b440,0x00000000ecf80000)
  to   space 6144K, 0% used [0x00000000ec380000,0x00000000ec380000,0x00000000ec980000)
 ParOldGen       total 68608K, used 11923K [0x00000000c0000000, 0x00000000c4300000, 0x00000000eab00000)
  object space 68608K, 17% used [0x00000000c0000000,0x00000000c0ba4e50,0x00000000c4300000)
 Metaspace       used 32439K, committed 33152K, reserved 1114112K
  class space    used 3230K, committed 3520K, reserved 1048576K
}
Event: 18.675 GC heap after
{Heap after GC invocations=10 (full 1):
 PSYoungGen      total 26624K, used 2630K [0x00000000eab00000, 0x00000000eca00000, 0x0000000100000000)
  eden space 23552K, 0% used [0x00000000eab00000,0x00000000eab00000,0x00000000ec200000)
  from space 3072K, 85% used [0x00000000ec380000,0x00000000ec6118a8,0x00000000ec680000)
  to   space 3584K, 0% used [0x00000000ec680000,0x00000000ec680000,0x00000000eca00000)
 ParOldGen       total 68608K, used 15241K [0x00000000c0000000, 0x00000000c4300000, 0x00000000eab00000)
  object space 68608K, 22% used [0x00000000c0000000,0x00000000c0ee2608,0x00000000c4300000)
 Metaspace       used 32439K, committed 33152K, reserved 1114112K
  class space    used 3230K, committed 3520K, reserved 1048576K
}
Event: 19.362 GC heap before
{Heap before GC invocations=11 (full 1):
 PSYoungGen      total 26624K, used 26182K [0x00000000eab00000, 0x00000000eca00000, 0x0000000100000000)
  eden space 23552K, 100% used [0x00000000eab00000,0x00000000ec200000,0x00000000ec200000)
  from space 3072K, 85% used [0x00000000ec380000,0x00000000ec6118a8,0x00000000ec680000)
  to   space 3584K, 0% used [0x00000000ec680000,0x00000000ec680000,0x00000000eca00000)
 ParOldGen       total 68608K, used 15241K [0x00000000c0000000, 0x00000000c4300000, 0x00000000eab00000)
  object space 68608K, 22% used [0x00000000c0000000,0x00000000c0ee2608,0x00000000c4300000)
 Metaspace       used 34081K, committed 34880K, reserved 1114112K
  class space    used 3394K, committed 3712K, reserved 1048576K
}
Event: 19.369 GC heap after
{Heap after GC invocations=11 (full 1):
 PSYoungGen      total 26112K, used 2774K [0x00000000eab00000, 0x00000000ec980000, 0x0000000100000000)
  eden space 23040K, 0% used [0x00000000eab00000,0x00000000eab00000,0x00000000ec180000)
  from space 3072K, 90% used [0x00000000ec680000,0x00000000ec935ac8,0x00000000ec980000)
  to   space 3072K, 0% used [0x00000000ec380000,0x00000000ec380000,0x00000000ec680000)
 ParOldGen       total 68608K, used 17301K [0x00000000c0000000, 0x00000000c4300000, 0x00000000eab00000)
  object space 68608K, 25% used [0x00000000c0000000,0x00000000c10e5490,0x00000000c4300000)
 Metaspace       used 34081K, committed 34880K, reserved 1114112K
  class space    used 3394K, committed 3712K, reserved 1048576K
}
Event: 19.745 GC heap before
{Heap before GC invocations=12 (full 1):
 PSYoungGen      total 26112K, used 10780K [0x00000000eab00000, 0x00000000ec980000, 0x0000000100000000)
  eden space 23040K, 34% used [0x00000000eab00000,0x00000000eb2d15f8,0x00000000ec180000)
  from space 3072K, 90% used [0x00000000ec680000,0x00000000ec935ac8,0x00000000ec980000)
  to   space 3072K, 0% used [0x00000000ec380000,0x00000000ec380000,0x00000000ec680000)
 ParOldGen       total 68608K, used 17301K [0x00000000c0000000, 0x00000000c4300000, 0x00000000eab00000)
  object space 68608K, 25% used [0x00000000c0000000,0x00000000c10e5490,0x00000000c4300000)
 Metaspace       used 35132K, committed 35840K, reserved 1114112K
  class space    used 3527K, committed 3840K, reserved 1048576K
}
Event: 19.749 GC heap after
{Heap after GC invocations=12 (full 1):
 PSYoungGen      total 23552K, used 416K [0x00000000eab00000, 0x00000000ec700000, 0x0000000100000000)
  eden space 23040K, 0% used [0x00000000eab00000,0x00000000eab00000,0x00000000ec180000)
  from space 512K, 81% used [0x00000000ec380000,0x00000000ec3e8000,0x00000000ec400000)
  to   space 1536K, 0% used [0x00000000ec580000,0x00000000ec580000,0x00000000ec700000)
 ParOldGen       total 68608K, used 19521K [0x00000000c0000000, 0x00000000c4300000, 0x00000000eab00000)
  object space 68608K, 28% used [0x00000000c0000000,0x00000000c13106e0,0x00000000c4300000)
 Metaspace       used 35132K, committed 35840K, reserved 1114112K
  class space    used 3527K, committed 3840K, reserved 1048576K
}
Event: 19.749 GC heap before
{Heap before GC invocations=13 (full 2):
 PSYoungGen      total 23552K, used 416K [0x00000000eab00000, 0x00000000ec700000, 0x0000000100000000)
  eden space 23040K, 0% used [0x00000000eab00000,0x00000000eab00000,0x00000000ec180000)
  from space 512K, 81% used [0x00000000ec380000,0x00000000ec3e8000,0x00000000ec400000)
  to   space 1536K, 0% used [0x00000000ec580000,0x00000000ec580000,0x00000000ec700000)
 ParOldGen       total 68608K, used 19521K [0x00000000c0000000, 0x00000000c4300000, 0x00000000eab00000)
  object space 68608K, 28% used [0x00000000c0000000,0x00000000c13106e0,0x00000000c4300000)
 Metaspace       used 35132K, committed 35840K, reserved 1114112K
  class space    used 3527K, committed 3840K, reserved 1048576K
}
Event: 19.805 GC heap after
{Heap after GC invocations=13 (full 2):
 PSYoungGen      total 23552K, used 0K [0x00000000eab00000, 0x00000000ec700000, 0x0000000100000000)
  eden space 23040K, 0% used [0x00000000eab00000,0x00000000eab00000,0x00000000ec180000)
  from space 512K, 0% used [0x00000000ec380000,0x00000000ec380000,0x00000000ec400000)
  to   space 1536K, 0% used [0x00000000ec580000,0x00000000ec580000,0x00000000ec700000)
 ParOldGen       total 68608K, used 18420K [0x00000000c0000000, 0x00000000c4300000, 0x00000000eab00000)
  object space 68608K, 26% used [0x00000000c0000000,0x00000000c11fd3f8,0x00000000c4300000)
 Metaspace       used 35125K, committed 35840K, reserved 1114112K
  class space    used 3525K, committed 3840K, reserved 1048576K
}

Dll operation events (9 events):
Event: 0.085 Loaded shared library c:\Users\ASUS\.vscode\extensions\redhat.java-1.29.0-win32-x64\jre\17.0.10-win32-x86_64\bin\java.dll
Event: 1.061 Loaded shared library c:\Users\ASUS\.vscode\extensions\redhat.java-1.29.0-win32-x64\jre\17.0.10-win32-x86_64\bin\zip.dll
Event: 1.117 Loaded shared library C:\Users\ASUS\.vscode\extensions\redhat.java-1.29.0-win32-x64\jre\17.0.10-win32-x86_64\bin\instrument.dll
Event: 1.257 Loaded shared library C:\Users\ASUS\.vscode\extensions\redhat.java-1.29.0-win32-x64\jre\17.0.10-win32-x86_64\bin\net.dll
Event: 1.264 Loaded shared library C:\Users\ASUS\.vscode\extensions\redhat.java-1.29.0-win32-x64\jre\17.0.10-win32-x86_64\bin\nio.dll
Event: 1.288 Loaded shared library C:\Users\ASUS\.vscode\extensions\redhat.java-1.29.0-win32-x64\jre\17.0.10-win32-x86_64\bin\zip.dll
Event: 1.429 Loaded shared library C:\Users\ASUS\.vscode\extensions\redhat.java-1.29.0-win32-x64\jre\17.0.10-win32-x86_64\bin\jimage.dll
Event: 1.937 Loaded shared library c:\Users\ASUS\.vscode\extensions\redhat.java-1.29.0-win32-x64\jre\17.0.10-win32-x86_64\bin\verify.dll
Event: 7.495 Loaded shared library C:\Users\ASUS\AppData\Roaming\Code\User\globalStorage\redhat.java\1.29.0\config_win\org.eclipse.equinox.launcher\org.eclipse.equinox.launcher.win32.win32.x86_64_1.2.900.v20240213-1244\eclipse_11900.dll

Deoptimization events (20 events):
Event: 19.844 Thread 0x000001cb958df170 DEOPT PACKING pc=0x000001cb8038f0d6 sp=0x000000661e2f8810
Event: 19.844 Thread 0x000001cb958df170 DEOPT UNPACKING pc=0x000001cb8758a9e3 sp=0x000000661e2f7cb0 mode 0
Event: 19.845 Thread 0x000001cb958df170 DEOPT PACKING pc=0x000001cb8038f0d6 sp=0x000000661e2f8810
Event: 19.845 Thread 0x000001cb958df170 DEOPT UNPACKING pc=0x000001cb8758a9e3 sp=0x000000661e2f7cb0 mode 0
Event: 19.845 Thread 0x000001cb958df170 DEOPT PACKING pc=0x000001cb8038f0d6 sp=0x000000661e2f8810
Event: 19.845 Thread 0x000001cb958df170 DEOPT UNPACKING pc=0x000001cb8758a9e3 sp=0x000000661e2f7cb0 mode 0
Event: 19.898 Thread 0x000001cb958df170 DEOPT PACKING pc=0x000001cb8041b28c sp=0x000000661e2fabb0
Event: 19.898 Thread 0x000001cb958df170 DEOPT UNPACKING pc=0x000001cb8758a9e3 sp=0x000000661e2fa100 mode 0
Event: 19.975 Thread 0x000001cb958df170 Uncommon trap: trap_request=0xffffffc6 fr.pc=0x000001cb87b834dc relative=0x0000000000000a1c
Event: 19.975 Thread 0x000001cb958df170 Uncommon trap: reason=bimorphic_or_optimized_type_check action=maybe_recompile pc=0x000001cb87b834dc method=java.util.HashMap.putVal(ILjava/lang/Object;Ljava/lang/Object;ZZ)Ljava/lang/Object; @ 56 c2
Event: 19.975 Thread 0x000001cb958df170 DEOPT PACKING pc=0x000001cb87b834dc sp=0x000000661e2fdce0
Event: 19.975 Thread 0x000001cb958df170 DEOPT UNPACKING pc=0x000001cb87589ea3 sp=0x000000661e2fdc38 mode 2
Event: 19.975 Thread 0x000001cb958df170 Uncommon trap: trap_request=0xffffffc6 fr.pc=0x000001cb87b834dc relative=0x0000000000000a1c
Event: 19.975 Thread 0x000001cb958df170 Uncommon trap: reason=bimorphic_or_optimized_type_check action=maybe_recompile pc=0x000001cb87b834dc method=java.util.HashMap.putVal(ILjava/lang/Object;Ljava/lang/Object;ZZ)Ljava/lang/Object; @ 56 c2
Event: 19.975 Thread 0x000001cb958df170 DEOPT PACKING pc=0x000001cb87b834dc sp=0x000000661e2fdce0
Event: 19.975 Thread 0x000001cb958df170 DEOPT UNPACKING pc=0x000001cb87589ea3 sp=0x000000661e2fdc38 mode 2
Event: 20.173 Thread 0x000001cb95405570 Uncommon trap: trap_request=0xffffff45 fr.pc=0x000001cb87bceb34 relative=0x0000000000000114
Event: 20.173 Thread 0x000001cb95405570 Uncommon trap: reason=unstable_if action=reinterpret pc=0x000001cb87bceb34 method=jdk.internal.org.objectweb.asm.SymbolTable.put(Ljdk/internal/org/objectweb/asm/SymbolTable$Entry;)Ljdk/internal/org/objectweb/asm/SymbolTable$Entry; @ 13 c2
Event: 20.173 Thread 0x000001cb95405570 DEOPT PACKING pc=0x000001cb87bceb34 sp=0x000000661e8fd240
Event: 20.173 Thread 0x000001cb95405570 DEOPT UNPACKING pc=0x000001cb87589ea3 sp=0x000000661e8fd1a0 mode 2

Classes unloaded (11 events):
Event: 14.358 Thread 0x000001cb940514b0 Unloading class 0x0000000100254400 'java/lang/invoke/LambdaForm$MH+0x0000000100254400'
Event: 14.358 Thread 0x000001cb940514b0 Unloading class 0x0000000100254000 'java/lang/invoke/LambdaForm$MH+0x0000000100254000'
Event: 14.358 Thread 0x000001cb940514b0 Unloading class 0x0000000100253c00 'java/lang/invoke/LambdaForm$MH+0x0000000100253c00'
Event: 14.358 Thread 0x000001cb940514b0 Unloading class 0x0000000100253800 'java/lang/invoke/LambdaForm$MH+0x0000000100253800'
Event: 14.358 Thread 0x000001cb940514b0 Unloading class 0x0000000100253400 'java/lang/invoke/LambdaForm$BMH+0x0000000100253400'
Event: 14.358 Thread 0x000001cb940514b0 Unloading class 0x0000000100253000 'java/lang/invoke/LambdaForm$DMH+0x0000000100253000'
Event: 14.358 Thread 0x000001cb940514b0 Unloading class 0x0000000100250400 'java/lang/invoke/LambdaForm$DMH+0x0000000100250400'
Event: 19.760 Thread 0x000001cb940514b0 Unloading class 0x0000000100338800 'java/lang/invoke/LambdaForm$MH+0x0000000100338800'
Event: 19.760 Thread 0x000001cb940514b0 Unloading class 0x0000000100335800 'java/lang/invoke/LambdaForm$MH+0x0000000100335800'
Event: 19.760 Thread 0x000001cb940514b0 Unloading class 0x0000000100335000 'java/lang/invoke/LambdaForm$DMH+0x0000000100335000'
Event: 19.760 Thread 0x000001cb940514b0 Unloading class 0x0000000100334800 'java/lang/invoke/LambdaForm$MH+0x0000000100334800'

Classes redefined (0 events):
No events

Internal exceptions (20 events):
Event: 18.388 Thread 0x000001cb95407df0 Exception <a 'java/lang/NoSuchMethodError'{0x00000000eb6c4fe0}: 'java.lang.Object java.lang.invoke.Invokers$Holder.invoke_MT(java.lang.Object, java.lang.Object, java.lang.Object, java.lang.Object, java.lang.Object, java.lang.Object, java.lang.Object, java.lang.Object, java.lang.Object)'> (0x00000000eb6c4fe0) 
thrown [s\src\hotspot\share\interpreter\linkResolver.cpp, line 759]
Event: 18.403 Thread 0x000001cb95407df0 Exception <a 'java/lang/NoSuchMethodError'{0x00000000eb776af0}: 'int java.lang.invoke.DirectMethodHandle$Holder.invokeVirtual(java.lang.Object, java.lang.Object, java.lang.Object)'> (0x00000000eb776af0) 
thrown [s\src\hotspot\share\interpreter\linkResolver.cpp, line 759]
Event: 18.404 Thread 0x000001cb95407df0 Exception <a 'java/lang/NoSuchMethodError'{0x00000000eb77a5f8}: 'int java.lang.invoke.DirectMethodHandle$Holder.invokeVirtual(java.lang.Object, java.lang.Object)'> (0x00000000eb77a5f8) 
thrown [s\src\hotspot\share\interpreter\linkResolver.cpp, line 759]
Event: 18.405 Thread 0x000001cb95407df0 Exception <a 'java/lang/NoSuchMethodError'{0x00000000eb77e890}: 'int java.lang.invoke.DirectMethodHandle$Holder.invokeStaticInit(java.lang.Object, int, int)'> (0x00000000eb77e890) 
thrown [s\src\hotspot\share\interpreter\linkResolver.cpp, line 759]
Event: 18.406 Thread 0x000001cb95407df0 Exception <a 'java/lang/NoSuchMethodError'{0x00000000eb7865d0}: 'int java.lang.invoke.DirectMethodHandle$Holder.invokeStaticInit(java.lang.Object, long, long)'> (0x00000000eb7865d0) 
thrown [s\src\hotspot\share\interpreter\linkResolver.cpp, line 759]
Event: 18.406 Thread 0x000001cb95407df0 Exception <a 'java/lang/NoSuchMethodError'{0x00000000eb7a1750}: 'int java.lang.invoke.DirectMethodHandle$Holder.invokeStaticInit(java.lang.Object, float, float)'> (0x00000000eb7a1750) 
thrown [s\src\hotspot\share\interpreter\linkResolver.cpp, line 759]
Event: 18.407 Thread 0x000001cb95407df0 Exception <a 'java/lang/NoSuchMethodError'{0x00000000eb7a87e8}: 'int java.lang.invoke.DirectMethodHandle$Holder.invokeStaticInit(java.lang.Object, double, double)'> (0x00000000eb7a87e8) 
thrown [s\src\hotspot\share\interpreter\linkResolver.cpp, line 759]
Event: 18.408 Thread 0x000001cb95407df0 Exception <a 'java/lang/NoSuchMethodError'{0x00000000eb7acdf0}: 'int java.lang.invoke.DirectMethodHandle$Holder.invokeStatic(java.lang.Object, long)'> (0x00000000eb7acdf0) 
thrown [s\src\hotspot\share\interpreter\linkResolver.cpp, line 759]
Event: 18.417 Thread 0x000001cb95407df0 Exception <a 'java/lang/NoSuchMethodError'{0x00000000eb82e178}: 'int java.lang.invoke.DirectMethodHandle$Holder.invokeSpecial(java.lang.Object, java.lang.Object, int, int)'> (0x00000000eb82e178) 
thrown [s\src\hotspot\share\interpreter\linkResolver.cpp, line 759]
Event: 18.422 Thread 0x000001cb95405570 Exception <a 'java/lang/NoSuchMethodError'{0x00000000eb845f78}: 'int java.lang.invoke.Invokers$Holder.linkToTargetMethod(java.lang.Object, java.lang.Object)'> (0x00000000eb845f78) 
thrown [s\src\hotspot\share\interpreter\linkResolver.cpp, line 759]
Event: 18.426 Thread 0x000001cb95407df0 Exception <a 'java/lang/NoSuchMethodError'{0x00000000eb8a74e8}: 'int java.lang.invoke.DirectMethodHandle$Holder.invokeSpecial(java.lang.Object, java.lang.Object, java.lang.Object, java.lang.Object)'> (0x00000000eb8a74e8) 
thrown [s\src\hotspot\share\interpreter\linkResolver.cpp, line 759]
Event: 18.457 Thread 0x000001cb95407df0 Exception <a 'java/lang/NoSuchMethodError'{0x00000000eba83ac0}: 'java.lang.Object java.lang.invoke.DirectMethodHandle$Holder.invokeStatic(java.lang.Object, int, java.lang.Object, java.lang.Object)'> (0x00000000eba83ac0) 
thrown [s\src\hotspot\share\interpreter\linkResolver.cpp, line 759]
Event: 18.458 Thread 0x000001cb95407df0 Exception <a 'java/lang/NoSuchMethodError'{0x00000000ebaf25b8}: 'java.lang.Object java.lang.invoke.DelegatingMethodHandle$Holder.delegate(java.lang.Object, int, java.lang.Object, java.lang.Object)'> (0x00000000ebaf25b8) 
thrown [s\src\hotspot\share\interpreter\linkResolver.cpp, line 759]
Event: 18.468 Thread 0x000001cb95407df0 Exception <a 'java/lang/NoSuchMethodError'{0x00000000ebb3c7a0}: 'int java.lang.invoke.Invokers$Holder.linkToTargetMethod(java.lang.Object, java.lang.Object, java.lang.Object)'> (0x00000000ebb3c7a0) 
thrown [s\src\hotspot\share\interpreter\linkResolver.cpp, line 759]
Event: 18.557 Thread 0x000001cb95405570 Exception <a 'java/lang/NoSuchMethodError'{0x00000000ebe24898}: 'java.lang.Object java.lang.invoke.DirectMethodHandle$Holder.invokeSpecialIFC(java.lang.Object, java.lang.Object, java.lang.Object, java.lang.Object)'> (0x00000000ebe24898) 
thrown [s\src\hotspot\share\interpreter\linkResolver.cpp, line 759]
Event: 19.458 Thread 0x000001cb95405570 Exception <a 'java/lang/NoSuchMethodError'{0x00000000ead4f630}: 'int java.lang.invoke.DirectMethodHandle$Holder.invokeSpecialIFC(java.lang.Object, java.lang.Object, java.lang.Object, java.lang.Object, java.lang.Object)'> (0x00000000ead4f630) 
thrown [s\src\hotspot\share\interpreter\linkResolver.cpp, line 759]
Event: 19.811 Thread 0x000001cb958df170 Exception <a 'java/lang/ClassNotFoundException'{0x00000000eab41af0}: com/sun/org/apache/xerces/internal/impl/msg/spi/DOMMessagesProvider> (0x00000000eab41af0) 
thrown [s\src\hotspot\share\classfile\systemDictionary.cpp, line 256]
Event: 19.840 Thread 0x000001cb958df170 Exception <a 'java/lang/ClassNotFoundException'{0x00000000eab53278}: com/sun/org/apache/xerces/internal/impl/msg/spi/XMLSerializerMessagesProvider> (0x00000000eab53278) 
thrown [s\src\hotspot\share\classfile\systemDictionary.cpp, line 256]
Event: 19.843 Thread 0x000001cb958df170 Exception <a 'java/lang/ClassNotFoundException'{0x00000000eab604b0}: com/sun/org/apache/xerces/internal/impl/msg/spi/XMLMessagesProvider> (0x00000000eab604b0) 
thrown [s\src\hotspot\share\classfile\systemDictionary.cpp, line 256]
Event: 20.019 Thread 0x000001cb958df170 Exception <a 'java/lang/NoSuchMethodError'{0x00000000eb07aee8}: 'java.lang.Object java.lang.invoke.DirectMethodHandle$Holder.invokeStaticInit(java.lang.Object, int, int, int, int)'> (0x00000000eb07aee8) 
thrown [s\src\hotspot\share\interpreter\linkResolver.cpp, line 759]

VM Operations (20 events):
Event: 17.310 Executing VM operation: Cleanup
Event: 17.311 Executing VM operation: Cleanup done
Event: 17.382 Executing VM operation: ParallelGCFailedAllocation
Event: 17.387 Executing VM operation: ParallelGCFailedAllocation done
Event: 18.084 Executing VM operation: ParallelGCFailedAllocation
Event: 18.087 Executing VM operation: ParallelGCFailedAllocation done
Event: 18.437 Executing VM operation: HandshakeAllThreads
Event: 18.450 Executing VM operation: HandshakeAllThreads done
Event: 18.453 Executing VM operation: HandshakeAllThreads
Event: 18.453 Executing VM operation: HandshakeAllThreads done
Event: 18.668 Executing VM operation: ParallelGCFailedAllocation
Event: 18.676 Executing VM operation: ParallelGCFailedAllocation done
Event: 19.361 Executing VM operation: ParallelGCFailedAllocation
Event: 19.370 Executing VM operation: ParallelGCFailedAllocation done
Event: 19.543 Executing VM operation: HandshakeAllThreads
Event: 19.543 Executing VM operation: HandshakeAllThreads done
Event: 19.745 Executing VM operation: CollectForMetadataAllocation
Event: 19.805 Executing VM operation: CollectForMetadataAllocation done
Event: 19.943 Executing VM operation: HandshakeAllThreads
Event: 19.972 Executing VM operation: HandshakeAllThreads done

Events (20 events):
Event: 20.092 loading class java/net/InetAddressImplFactory
Event: 20.092 loading class java/net/InetAddressImplFactory done
Event: 20.092 loading class java/net/Inet6AddressImpl
Event: 20.093 loading class java/net/InetAddressImpl
Event: 20.093 loading class java/net/InetAddressImpl done
Event: 20.093 loading class java/net/Inet6AddressImpl done
Event: 20.093 loading class java/net/InetAddress$PlatformNameService
Event: 20.093 loading class java/net/InetAddress$NameService
Event: 20.093 loading class java/net/InetAddress$NameService done
Event: 20.093 loading class java/net/InetAddress$PlatformNameService done
Event: 20.094 loading class java/net/Inet4Address
Event: 20.095 loading class java/net/Inet4Address done
Event: 20.095 loading class java/net/Inet6Address
Event: 20.096 loading class java/net/Inet6Address done
Event: 20.096 loading class java/net/Inet6Address$Inet6AddressHolder
Event: 20.096 loading class java/net/Inet6Address$Inet6AddressHolder done
Event: 20.096 loading class java/net/DefaultInterface
Event: 20.097 loading class java/net/DefaultInterface done
Event: 20.320 loading class java/net/NetworkInterface$1
Event: 20.321 loading class java/net/NetworkInterface$1 done


Dynamic libraries:
0x00007ff6b2ba0000 - 0x00007ff6b2bae000 	c:\Users\ASUS\.vscode\extensions\redhat.java-1.29.0-win32-x64\jre\17.0.10-win32-x86_64\bin\java.exe
0x00007ff841650000 - 0x00007ff841866000 	C:\WINDOWS\SYSTEM32\ntdll.dll
0x00007ff8407e0000 - 0x00007ff8408a4000 	C:\WINDOWS\System32\KERNEL32.DLL
0x00007ff83eb50000 - 0x00007ff83eef6000 	C:\WINDOWS\System32\KERNELBASE.dll
0x00007ff825250000 - 0x00007ff82526b000 	c:\Users\ASUS\.vscode\extensions\redhat.java-1.29.0-win32-x64\jre\17.0.10-win32-x86_64\bin\VCRUNTIME140.dll
0x00007ff83f250000 - 0x00007ff83f361000 	C:\WINDOWS\System32\ucrtbase.dll
0x00007ff8253a0000 - 0x00007ff8253b7000 	c:\Users\ASUS\.vscode\extensions\redhat.java-1.29.0-win32-x64\jre\17.0.10-win32-x86_64\bin\jli.dll
0x00007ff841050000 - 0x00007ff8411fd000 	C:\WINDOWS\System32\USER32.dll
0x00007ff83ea30000 - 0x00007ff83ea56000 	C:\WINDOWS\System32\win32u.dll
0x00007ff823b60000 - 0x00007ff823df3000 	C:\WINDOWS\WinSxS\amd64_microsoft.windows.common-controls_6595b64144ccf1df_6.0.22621.3235_none_270f74e173860f98\COMCTL32.dll
0x00007ff841200000 - 0x00007ff841229000 	C:\WINDOWS\System32\GDI32.dll
0x00007ff83f130000 - 0x00007ff83f248000 	C:\WINDOWS\System32\gdi32full.dll
0x00007ff83e990000 - 0x00007ff83ea2a000 	C:\WINDOWS\System32\msvcp_win.dll
0x00007ff8412f0000 - 0x00007ff841397000 	C:\WINDOWS\System32\msvcrt.dll
0x00007ff83fc00000 - 0x00007ff83fc31000 	C:\WINDOWS\System32\IMM32.DLL
0x00007ff83b7a0000 - 0x00007ff83b7ac000 	c:\Users\ASUS\.vscode\extensions\redhat.java-1.29.0-win32-x64\jre\17.0.10-win32-x86_64\bin\vcruntime140_1.dll
0x00007fffdccf0000 - 0x00007fffdcd7d000 	c:\Users\ASUS\.vscode\extensions\redhat.java-1.29.0-win32-x64\jre\17.0.10-win32-x86_64\bin\msvcp140.dll
0x00007fffad050000 - 0x00007fffadcb2000 	c:\Users\ASUS\.vscode\extensions\redhat.java-1.29.0-win32-x64\jre\17.0.10-win32-x86_64\bin\server\jvm.dll
0x00007ff8409e0000 - 0x00007ff840a92000 	C:\WINDOWS\System32\ADVAPI32.dll
0x00007ff8408b0000 - 0x00007ff840958000 	C:\WINDOWS\System32\sechost.dll
0x00007ff83f370000 - 0x00007ff83f398000 	C:\WINDOWS\System32\bcrypt.dll
0x00007ff83fda0000 - 0x00007ff83feb5000 	C:\WINDOWS\System32\RPCRT4.dll
0x00007ff83e860000 - 0x00007ff83e8ad000 	C:\WINDOWS\SYSTEM32\POWRPROF.dll
0x00007ff8384e0000 - 0x00007ff8384e9000 	C:\WINDOWS\SYSTEM32\WSOCK32.dll
0x00007ff840960000 - 0x00007ff8409d1000 	C:\WINDOWS\System32\WS2_32.dll
0x00007ff836be0000 - 0x00007ff836c14000 	C:\WINDOWS\SYSTEM32\WINMM.dll
0x00007ff836a70000 - 0x00007ff836a7a000 	C:\WINDOWS\SYSTEM32\VERSION.dll
0x00007ff83e840000 - 0x00007ff83e853000 	C:\WINDOWS\SYSTEM32\UMPDC.dll
0x00007ff83d990000 - 0x00007ff83d9a8000 	C:\WINDOWS\SYSTEM32\kernel.appcore.dll
0x00007ff837440000 - 0x00007ff83744a000 	c:\Users\ASUS\.vscode\extensions\redhat.java-1.29.0-win32-x64\jre\17.0.10-win32-x86_64\bin\jimage.dll
0x00007ff83c1a0000 - 0x00007ff83c3d3000 	C:\WINDOWS\SYSTEM32\DBGHELP.DLL
0x00007ff8400b0000 - 0x00007ff840438000 	C:\WINDOWS\System32\combase.dll
0x00007ff8413b0000 - 0x00007ff841487000 	C:\WINDOWS\System32\OLEAUT32.dll
0x00007ff8215d0000 - 0x00007ff821602000 	C:\WINDOWS\SYSTEM32\dbgcore.DLL
0x00007ff83ead0000 - 0x00007ff83eb4a000 	C:\WINDOWS\System32\bcryptPrimitives.dll
0x00007ff836d00000 - 0x00007ff836d0e000 	c:\Users\ASUS\.vscode\extensions\redhat.java-1.29.0-win32-x64\jre\17.0.10-win32-x86_64\bin\instrument.dll
0x00007ff825470000 - 0x00007ff825495000 	c:\Users\ASUS\.vscode\extensions\redhat.java-1.29.0-win32-x64\jre\17.0.10-win32-x86_64\bin\java.dll
0x00007ff824b10000 - 0x00007ff824b28000 	c:\Users\ASUS\.vscode\extensions\redhat.java-1.29.0-win32-x64\jre\17.0.10-win32-x86_64\bin\zip.dll
0x00007ff83f3a0000 - 0x00007ff83fbfd000 	C:\WINDOWS\System32\SHELL32.dll
0x00007ff83c8a0000 - 0x00007ff83d198000 	C:\WINDOWS\SYSTEM32\windows.storage.dll
0x00007ff83c760000 - 0x00007ff83c89e000 	C:\WINDOWS\SYSTEM32\wintypes.dll
0x00007ff83fca0000 - 0x00007ff83fd93000 	C:\WINDOWS\System32\SHCORE.dll
0x00007ff840770000 - 0x00007ff8407ce000 	C:\WINDOWS\System32\shlwapi.dll
0x00007ff83e8c0000 - 0x00007ff83e8e6000 	C:\WINDOWS\SYSTEM32\profapi.dll
0x00007ff8244a0000 - 0x00007ff8244b9000 	C:\Users\ASUS\.vscode\extensions\redhat.java-1.29.0-win32-x64\jre\17.0.10-win32-x86_64\bin\net.dll
0x00007ff837630000 - 0x00007ff837767000 	C:\WINDOWS\SYSTEM32\WINHTTP.dll
0x00007ff83de10000 - 0x00007ff83de79000 	C:\WINDOWS\system32\mswsock.dll
0x00007ff824480000 - 0x00007ff824496000 	C:\Users\ASUS\.vscode\extensions\redhat.java-1.29.0-win32-x64\jre\17.0.10-win32-x86_64\bin\nio.dll
0x00007ff826ef0000 - 0x00007ff826f00000 	c:\Users\ASUS\.vscode\extensions\redhat.java-1.29.0-win32-x64\jre\17.0.10-win32-x86_64\bin\verify.dll
0x00007ffff6120000 - 0x00007ffff615e000 	C:\Users\ASUS\AppData\Roaming\Code\User\globalStorage\redhat.java\1.29.0\config_win\org.eclipse.equinox.launcher\org.eclipse.equinox.launcher.win32.win32.x86_64_1.2.900.v20240213-1244\eclipse_11900.dll
0x00007ff840540000 - 0x00007ff8406df000 	C:\WINDOWS\System32\ole32.dll
0x00007ff83e050000 - 0x00007ff83e06b000 	C:\WINDOWS\SYSTEM32\CRYPTSP.dll
0x00007ff83d8f0000 - 0x00007ff83d925000 	C:\WINDOWS\system32\rsaenh.dll
0x00007ff83ded0000 - 0x00007ff83defc000 	C:\WINDOWS\SYSTEM32\USERENV.dll
0x00007ff83e070000 - 0x00007ff83e07c000 	C:\WINDOWS\SYSTEM32\CRYPTBASE.dll
0x00007ff83d440000 - 0x00007ff83d46d000 	C:\WINDOWS\SYSTEM32\IPHLPAPI.DLL
0x00007ff841230000 - 0x00007ff841239000 	C:\WINDOWS\System32\NSI.dll
0x00007ff837af0000 - 0x00007ff837b09000 	C:\WINDOWS\SYSTEM32\dhcpcsvc6.DLL
0x00007ff837560000 - 0x00007ff83757f000 	C:\WINDOWS\SYSTEM32\dhcpcsvc.DLL
0x00007ff83d470000 - 0x00007ff83d569000 	C:\WINDOWS\SYSTEM32\DNSAPI.dll

dbghelp: loaded successfully - version: 4.0.5 - missing functions: none
symbol engine: initialized successfully - sym options: 0x614 - pdb path: .;c:\Users\ASUS\.vscode\extensions\redhat.java-1.29.0-win32-x64\jre\17.0.10-win32-x86_64\bin;C:\WINDOWS\SYSTEM32;C:\WINDOWS\WinSxS\amd64_microsoft.windows.common-controls_6595b64144ccf1df_6.0.22621.3235_none_270f74e173860f98;c:\Users\ASUS\.vscode\extensions\redhat.java-1.29.0-win32-x64\jre\17.0.10-win32-x86_64\bin\server;C:\Users\ASUS\AppData\Roaming\Code\User\globalStorage\redhat.java\1.29.0\config_win\org.eclipse.equinox.launcher\org.eclipse.equinox.launcher.win32.win32.x86_64_1.2.900.v20240213-1244

VM Arguments:
jvm_args: --add-modules=ALL-SYSTEM --add-opens=java.base/java.util=ALL-UNNAMED --add-opens=java.base/java.lang=ALL-UNNAMED --add-opens=java.base/sun.nio.fs=ALL-UNNAMED -Declipse.application=org.eclipse.jdt.ls.core.id1 -Dosgi.bundles.defaultStartLevel=4 -Declipse.product=org.eclipse.jdt.ls.core.product -Djava.import.generatesMetadataFilesAtProjectRoot=false -DDetectVMInstallationsJob.disabled=true -Dfile.encoding=utf8 -XX:+UseParallelGC -XX:GCTimeRatio=4 -XX:AdaptiveSizePolicyWeight=90 -Dsun.zip.disableMemoryMapping=true -Xmx1G -Xms100m -Xlog:disable -javaagent:c:\Users\ASUS\.vscode\extensions\redhat.java-1.29.0-win32-x64\lombok\lombok-1.18.32.jar -XX:+HeapDumpOnOutOfMemoryError -XX:HeapDumpPath=c:\Users\ASUS\AppData\Roaming\Code\User\workspaceStorage\41d4e623e7f576b4e193c233d3b06fe6\redhat.java -Daether.dependencyCollector.impl=bf 
java_command: c:\Users\ASUS\.vscode\extensions\redhat.java-1.29.0-win32-x64\server\plugins\org.eclipse.equinox.launcher_1.6.800.v20240304-1850.jar -configuration c:\Users\ASUS\AppData\Roaming\Code\User\globalStorage\redhat.java\1.29.0\config_win -data c:\Users\ASUS\AppData\Roaming\Code\User\workspaceStorage\41d4e623e7f576b4e193c233d3b06fe6\redhat.java\jdt_ws --stdio
java_class_path (initial): c:\Users\ASUS\.vscode\extensions\redhat.java-1.29.0-win32-x64\server\plugins\org.eclipse.equinox.launcher_1.6.800.v20240304-1850.jar
Launcher Type: SUN_STANDARD

[Global flags]
    uintx AdaptiveSizePolicyWeight                 = 90                                        {product} {command line}
     intx CICompilerCount                          = 4                                         {product} {ergonomic}
    uintx GCTimeRatio                              = 4                                         {product} {command line}
     bool HeapDumpOnOutOfMemoryError               = true                                   {manageable} {command line}
    ccstr HeapDumpPath                             = c:\Users\ASUS\AppData\Roaming\Code\User\workspaceStorage\41d4e623e7f576b4e193c233d3b06fe6\redhat.java         {manageable} {command line}
   size_t InitialHeapSize                          = 104857600                                 {product} {command line}
   size_t MaxHeapSize                              = 1073741824                                {product} {command line}
   size_t MaxNewSize                               = 357564416                                 {product} {ergonomic}
   size_t MinHeapDeltaBytes                        = 524288                                    {product} {ergonomic}
   size_t MinHeapSize                              = 104857600                                 {product} {command line}
   size_t NewSize                                  = 34603008                                  {product} {ergonomic}
    uintx NonNMethodCodeHeapSize                   = 5839372                                {pd product} {ergonomic}
    uintx NonProfiledCodeHeapSize                  = 122909434                              {pd product} {ergonomic}
   size_t OldSize                                  = 70254592                                  {product} {ergonomic}
    uintx ProfiledCodeHeapSize                     = 122909434                              {pd product} {ergonomic}
    uintx ReservedCodeCacheSize                    = 251658240                              {pd product} {ergonomic}
     bool SegmentedCodeCache                       = true                                      {product} {ergonomic}
   size_t SoftMaxHeapSize                          = 1073741824                             {manageable} {ergonomic}
     bool UseCompressedClassPointers               = true                           {product lp64_product} {ergonomic}
     bool UseCompressedOops                        = true                           {product lp64_product} {ergonomic}
     bool UseLargePagesIndividualAllocation        = false                                  {pd product} {ergonomic}
     bool UseParallelGC                            = true                                      {product} {command line}

Logging:
Log output configuration:
 #0: stdout all=off uptime,level,tags
 #1: stderr all=off uptime,level,tags

Environment Variables:
JAVA_HOME=C:\Program Files\Java\jdk-1.8
PATH=C:\Program Files\Java\jdk-1.8\bin;C:\Program Files (x86)\Common Files\Oracle\Java\javapath;C:\Program Files\Python311\Scripts\;C:\Program Files\Python311\;C:\WINDOWS\system32;C:\WINDOWS;C:\WINDOWS\System32\Wbem;C:\WINDOWS\System32\WindowsPowerShell\v1.0\;C:\WINDOWS\System32\OpenSSH\;C:\Program Files\Microsoft SQL Server\Client SDK\ODBC\110\Tools\Binn\;C:\Program Files\Java\jdk-1.8\bin;C:\Program Files\Microsoft SQL Server\Client SDK\ODBC\170\Tools\Binn\;C:\Program Files (x86)\Microsoft SQL Server\150\Tools\Binn\;C:\Program Files\Microsoft SQL Server\150\Tools\Binn\;C:\Program Files\Microsoft SQL Server\150\DTS\Binn\;C:\Program Files (x86)\Microsoft SQL Server\160\DTS\Binn\;C:\Program Files\Azure Data Studio\bin;C:\PHP;C:\Program Files\dotnet\;C:\Users\ASUS\sqlite3\sql3;C:\ProgramData\ComposerSetup\bin;C:\Program Files\Git\cmd;C:\ProgramData\chocolatey\bin;C:\Program Files\nodejs\;C:\Users\ASUS\AppData\Local\Microsoft\WindowsApps;C:\Users\ASUS\AppData\Local\Programs\Microsoft VS Code\bin;C:\Program Files\Azure Data Studio\bin;C:\Users\ASUS\.dotnet\tools;C:\src\flutter\bin;C:\Users\ASUS\AppData\Roaming\Composer\vendor\bin;C:\Users\ASUS\AppData\Roaming\npm
USERNAME=ASUS
OS=Windows_NT
PROCESSOR_IDENTIFIER=Intel64 Family 6 Model 126 Stepping 5, GenuineIntel
TMP=C:\Users\ASUS\AppData\Local\Temp
TEMP=C:\Users\ASUS\AppData\Local\Temp



Periodic native trim disabled


---------------  S Y S T E M  ---------------

OS:
 Windows 11 , 64 bit Build 22621 (10.0.22621.3235)
OS uptime: 7 days 23:11 hours
Hyper-V role detected

CPU: total 8 (initial active 8) (4 cores per cpu, 2 threads per core) family 6 model 126 stepping 5 microcode 0xa0, cx8, cmov, fxsr, ht, mmx, 3dnowpref, sse, sse2, sse3, ssse3, sse4.1, sse4.2, popcnt, lzcnt, tsc, tscinvbit, avx, avx2, aes, erms, clmul, bmi1, bmi2, adx, avx512f, avx512dq, avx512cd, avx512bw, avx512vl, sha, fma, vzeroupper, avx512_vpopcntdq, avx512_vpclmulqdq, avx512_vaes, avx512_vnni, clflush, clflushopt, avx512_vbmi2, avx512_vbmi, hv
Processor Information for all 8 processors :
  Max Mhz: 1201, Current Mhz: 1201, Mhz Limit: 1201

Memory: 4k page, system-wide physical 3834M (120M free)
TotalPageFile size 15610M (AvailPageFile size 2M)
current process WorkingSet (physical memory assigned to process): 157M, peak: 159M
current process commit charge ("private bytes"): 257M, peak: 258M

vm_info: OpenJDK 64-Bit Server VM (17.0.10+7) for windows-amd64 JRE (17.0.10+7), built on Jan 16 2024 23:25:11 by "admin" with MS VC++ 16.10 / 16.11 (VS2019)

END.
